'2018-08-22 20:35:29,085 desired_caps.py[line:32] INFO --> Start application Android Simulator'
'2018-08-22 20:54:43,955 run_unit.py[line:9] INFO --> =====setUp Method ======'
'2018-08-22 20:54:43,989 desired_caps.py[line:32] INFO --> Start application Android Simulator'
'2018-08-22 20:54:56,119 test_register.py[line:10] INFO --> ======test register function======='
'2018-08-22 20:54:56,119 register_function.py[line:20] INFO --> register with: username5704'
'2018-08-22 20:55:09,726 register_function.py[line:24] INFO --> click register button ...'
'2018-08-22 20:55:59,037 register_function.py[line:30] INFO --> click register button after input correct data'
'2018-08-22 20:56:11,024 register_function.py[line:35] ERROR --> ×¢²áÊ§°Ü'
'2018-08-22 20:56:11,025 common_method.py[line:41] INFO --> get screenshot register'
'2018-08-22 20:56:13,136 run_unit.py[line:13] INFO --> =====tearDown Method ======'
'2018-08-22 20:57:03,294 desired_caps.py[line:32] INFO --> Start application Android Simulator'
'2018-08-22 20:57:20,690 register_function.py[line:20] INFO --> register with: username9448'
'2018-08-22 20:57:33,782 register_function.py[line:24] INFO --> click register button ...'
'2018-08-22 20:59:29,435 run_unit.py[line:9] INFO --> =====setUp Method ======'
'2018-08-22 20:59:29,441 desired_caps.py[line:32] INFO --> Start application Android Simulator'
'2018-08-22 21:03:38,276 run_unit.py[line:9] INFO --> =====setUp Method ======'
'2018-08-22 21:03:38,283 desired_caps.py[line:32] INFO --> Start application Android Simulator'
'2018-08-22 21:03:49,020 test_register.py[line:11] INFO --> ======test register function======='
'2018-08-22 21:03:49,020 register_function.py[line:20] INFO --> register with: username6622'
'2018-08-22 21:04:03,183 register_function.py[line:24] INFO --> click register button ...'
'2018-08-22 21:17:22,713 run_unit.py[line:9] INFO --> =====setUp Method ======'
'2018-08-22 21:17:22,744 desired_caps.py[line:32] INFO --> Start application Android Simulator'
'2018-08-22 21:18:03,170 test_register.py[line:11] INFO --> ======test register function======='
'2018-08-22 21:18:03,171 register_function.py[line:20] INFO --> register with: username6034'
'2018-08-22 21:18:17,880 register_function.py[line:24] INFO --> click register button ...'
'2018-08-22 21:18:55,158 register_function.py[line:30] INFO --> click register button after input correct data'
'2018-08-22 21:19:04,919 register_function.py[line:35] ERROR --> ×¢²áÊ§°Ü'
'2018-08-22 21:19:04,955 common_method.py[line:41] INFO --> get screenshot register'
'2018-08-22 21:19:07,882 run_unit.py[line:13] INFO --> =====tearDown Method ======'
'2018-08-22 21:43:54,922 run_unit.py[line:9] INFO --> =====setUp Method ======'
'2018-08-22 21:43:54,934 desired_caps.py[line:32] INFO --> Start application Android Simulator'
'2018-08-22 21:44:08,121 test_register.py[line:11] INFO --> ======test register function======='
'2018-08-22 21:44:08,121 register_function.py[line:20] INFO --> register with: username3437'
'2018-08-22 21:44:22,632 register_function.py[line:24] INFO --> click register button ...'
'2018-08-22 21:44:57,193 register_function.py[line:30] INFO --> click register button after input correct data'
'2018-08-22 21:45:04,192 register_function.py[line:39] INFO --> ×¢²á³É¹¦'
'2018-08-22 21:45:04,232 run_unit.py[line:13] INFO --> =====tearDown Method ======'
'2018-08-22 21:54:45,616 desired_caps.py[line:32] INFO --> Start application Android Simulator'
'2018-08-23 19:18:10,054 run_unit.py[line:9] INFO --> =====setUp Method ======'
'2018-08-23 19:18:10,096 desired_caps.py[line:32] INFO --> Start application Android Simulator'
'2018-08-23 19:18:24,409 test_login.py[line:23] INFO --> run Test login method'
'2018-08-23 19:18:24,409 common_method.py[line:60] INFO --> read data in csv file ==>I:\Appium\Appium-Android-Python\framework\data\account.csv'
'2018-08-23 19:18:40,658 run_unit.py[line:13] INFO --> =====tearDown Method ======'
'2018-08-23 19:43:22,672 run.py[line:15] INFO --> run test case with HTMLTestRunner'
'2018-08-23 19:43:22,673 run_unit.py[line:9] INFO --> =====setUp Method ======'
'2018-08-23 19:43:22,679 desired_caps.py[line:32] INFO --> Start application Android Simulator'
'2018-08-23 19:43:33,048 test_login.py[line:23] INFO --> run Test login method'
'2018-08-23 19:43:33,049 common_method.py[line:60] INFO --> read data in csv file ==>I:\Appium\Appium-Android-Python\framework\data\account.csv'
'2018-08-23 19:43:51,005 login_function.py[line:27] INFO --> input username ...'
'2018-08-23 19:44:04,823 login_function.py[line:29] INFO --> input password ...'
'2018-08-23 19:44:11,034 login_function.py[line:31] INFO --> click login button ...'
'2018-08-23 19:44:12,609 login_function.py[line:34] INFO --> click agree button on popup ...'
'2018-08-23 19:44:23,465 login_function.py[line:37] INFO --> click user info button ...'
'2018-08-23 19:44:28,981 run_unit.py[line:13] INFO --> =====tearDown Method ======'
'2018-08-23 20:10:22,732 run.py[line:16] INFO --> run test case with HTMLTestRunner'
'2018-08-23 20:10:22,733 run_unit.py[line:9] INFO --> =====setUp Method ======'
'2018-08-23 20:10:22,740 desired_caps.py[line:32] INFO --> Start application Android Simulator'
'2018-08-23 20:10:35,296 test_login.py[line:14] INFO --> run Test login method'
'2018-08-23 20:10:35,296 common_method.py[line:60] INFO --> read data in csv file ==>I:\Appium\Appium-Android-Python\framework\data\account.csv'
'2018-08-23 20:10:54,450 login_function.py[line:27] INFO --> input username ...'
'2018-08-23 20:11:11,337 login_function.py[line:29] INFO --> input password ...'
'2018-08-23 20:11:17,426 login_function.py[line:31] INFO --> click login button ...'
'2018-08-23 20:11:18,820 login_function.py[line:34] INFO --> click agree button on popup ...'
'2018-08-23 20:11:29,529 login_function.py[line:37] INFO --> click user info button ...'
'2018-08-23 20:11:32,920 login_function.py[line:40] INFO --> check username in personal info page'
'2018-08-23 20:11:37,937 login_function.py[line:46] INFO --> logout app ...'
'2018-08-23 20:11:46,784 login_function.py[line:51] INFO --> close app'
'2018-08-23 20:11:47,422 run_unit.py[line:13] INFO --> =====tearDown Method ======'
'2018-08-23 20:35:36,564 run.py[line:21] INFO --> run test case with HTMLTestRunner'
'2018-08-23 20:35:36,565 run_unit.py[line:9] INFO --> =====setUp Method ======'
'2018-08-23 20:35:36,587 desired_caps.py[line:32] INFO --> Start application Android Simulator'
'2018-08-23 20:35:47,650 test_login.py[line:14] INFO --> run Test login method'
'2018-08-23 20:35:47,651 common_method.py[line:60] INFO --> read data in csv file ==>I:\Appium\Appium-Android-Python\framework\data\account.csv'
'2018-08-23 20:35:57,655 common_method.py[line:41] INFO --> get screenshot start_page'
'2018-08-23 20:36:09,505 login_function.py[line:28] INFO --> input username ...'
'2018-08-23 20:36:28,990 login_function.py[line:30] INFO --> input password ...'
'2018-08-23 20:36:35,451 login_function.py[line:32] INFO --> click login button ...'
'2018-08-23 20:36:36,888 login_function.py[line:35] INFO --> click agree button on popup ...'
'2018-08-23 20:36:47,982 login_function.py[line:38] INFO --> click user info button ...'
'2018-08-23 20:36:51,228 login_function.py[line:41] INFO --> check username in personal info page'
'2018-08-23 20:36:56,419 login_function.py[line:47] INFO --> logout app ...'
'2018-08-23 20:37:05,442 login_function.py[line:52] INFO --> close app'
'2018-08-23 20:37:06,039 run_unit.py[line:13] INFO --> =====tearDown Method ======'
